{"C:\\Users\\Andrew\\Documents\\Projects\\CrimeMap\\src\\components\\Comment\\index.js": {"path":"C:\\Users\\Andrew\\Documents\\Projects\\CrimeMap\\src\\components\\Comment\\index.js","statementMap":{"0":{"start":{"line":5,"column":21},"end":{"line":11,"column":1}},"1":{"start":{"line":6,"column":2},"end":{"line":10,"column":4}}},"fnMap":{"0":{"name":"(anonymous_0)","decl":{"start":{"line":5,"column":21},"end":{"line":5,"column":22}},"loc":{"start":{"line":5,"column":36},"end":{"line":11,"column":1}},"line":5}},"branchMap":{},"s":{"0":1,"1":1},"f":{"0":1},"b":{},"_coverageSchema":"1a1c01bbd47fc00a2c39e90264f33305004495a9","hash":"90619442869a81ff2563a2d2c9f2665ba4b69a3e"}
,"C:\\Users\\Andrew\\Documents\\Projects\\CrimeMap\\src\\components\\Comment\\style.js": {"path":"C:\\Users\\Andrew\\Documents\\Projects\\CrimeMap\\src\\components\\Comment\\style.js","statementMap":{"0":{"start":{"line":3,"column":15},"end":{"line":22,"column":2}}},"fnMap":{},"branchMap":{},"s":{"0":1},"f":{},"b":{},"_coverageSchema":"1a1c01bbd47fc00a2c39e90264f33305004495a9","hash":"0a333e1429727a5285f005a2bb6945536634fedd"}
,"C:\\Users\\Andrew\\Documents\\Projects\\CrimeMap\\src\\components\\CrimeCarouselItem\\index.js": {"path":"C:\\Users\\Andrew\\Documents\\Projects\\CrimeMap\\src\\components\\CrimeCarouselItem\\index.js","statementMap":{"0":{"start":{"line":7,"column":27},"end":{"line":30,"column":1}},"1":{"start":{"line":8,"column":21},"end":{"line":8,"column":36}},"2":{"start":{"line":9,"column":16},"end":{"line":9,"column":43}},"3":{"start":{"line":11,"column":2},"end":{"line":29,"column":4}},"4":{"start":{"line":16,"column":8},"end":{"line":24,"column":10}}},"fnMap":{"0":{"name":"(anonymous_0)","decl":{"start":{"line":7,"column":27},"end":{"line":7,"column":28}},"loc":{"start":{"line":7,"column":40},"end":{"line":30,"column":1}},"line":7},"1":{"name":"(anonymous_1)","decl":{"start":{"line":15,"column":15},"end":{"line":15,"column":16}},"loc":{"start":{"line":16,"column":8},"end":{"line":24,"column":10}},"line":16}},"branchMap":{},"s":{"0":1,"1":2,"2":2,"3":2,"4":1},"f":{"0":2,"1":1},"b":{},"_coverageSchema":"1a1c01bbd47fc00a2c39e90264f33305004495a9","hash":"af92e88676150d3a278680b9cf2ab3b1e354f0c9"}
,"C:\\Users\\Andrew\\Documents\\Projects\\CrimeMap\\src\\components\\CrimeCarouselItem\\style.js": {"path":"C:\\Users\\Andrew\\Documents\\Projects\\CrimeMap\\src\\components\\CrimeCarouselItem\\style.js","statementMap":{"0":{"start":{"line":3,"column":15},"end":{"line":32,"column":2}}},"fnMap":{},"branchMap":{},"s":{"0":1},"f":{},"b":{},"_coverageSchema":"1a1c01bbd47fc00a2c39e90264f33305004495a9","hash":"a9c787dd0b078e679097cdae207471d23b21dcf3"}
,"C:\\Users\\Andrew\\Documents\\Projects\\CrimeMap\\src\\components\\QuickLink\\index.js": {"path":"C:\\Users\\Andrew\\Documents\\Projects\\CrimeMap\\src\\components\\QuickLink\\index.js","statementMap":{"0":{"start":{"line":5,"column":18},"end":{"line":17,"column":1}},"1":{"start":{"line":6,"column":2},"end":{"line":16,"column":4}},"2":{"start":{"line":9,"column":21},"end":{"line":9,"column":46}}},"fnMap":{"0":{"name":"(anonymous_0)","decl":{"start":{"line":5,"column":18},"end":{"line":5,"column":19}},"loc":{"start":{"line":5,"column":30},"end":{"line":17,"column":1}},"line":5},"1":{"name":"(anonymous_1)","decl":{"start":{"line":9,"column":15},"end":{"line":9,"column":16}},"loc":{"start":{"line":9,"column":21},"end":{"line":9,"column":46}},"line":9}},"branchMap":{},"s":{"0":1,"1":1,"2":0},"f":{"0":1,"1":0},"b":{},"_coverageSchema":"1a1c01bbd47fc00a2c39e90264f33305004495a9","hash":"45fae427f910ec77a57777cce88c3ce95d7247bd"}
,"C:\\Users\\Andrew\\Documents\\Projects\\CrimeMap\\src\\components\\QuickLink\\styles.js": {"path":"C:\\Users\\Andrew\\Documents\\Projects\\CrimeMap\\src\\components\\QuickLink\\styles.js","statementMap":{"0":{"start":{"line":3,"column":15},"end":{"line":24,"column":2}}},"fnMap":{},"branchMap":{},"s":{"0":1},"f":{},"b":{},"_coverageSchema":"1a1c01bbd47fc00a2c39e90264f33305004495a9","hash":"32d19b2a6a9a9f5637e193ee646c6833ede0e927"}
,"C:\\Users\\Andrew\\Documents\\Projects\\CrimeMap\\src\\screens\\PrivacyPolicy\\index.js": {"path":"C:\\Users\\Andrew\\Documents\\Projects\\CrimeMap\\src\\screens\\PrivacyPolicy\\index.js","statementMap":{"0":{"start":{"line":5,"column":22},"end":{"line":124,"column":1}},"1":{"start":{"line":6,"column":2},"end":{"line":123,"column":4}}},"fnMap":{"0":{"name":"(anonymous_0)","decl":{"start":{"line":5,"column":22},"end":{"line":5,"column":23}},"loc":{"start":{"line":5,"column":28},"end":{"line":124,"column":1}},"line":5}},"branchMap":{},"s":{"0":1,"1":9},"f":{"0":9},"b":{},"_coverageSchema":"1a1c01bbd47fc00a2c39e90264f33305004495a9","hash":"ab127c059be3128ebe8231dcbe004e263a7ced1a"}
,"C:\\Users\\Andrew\\Documents\\Projects\\CrimeMap\\src\\screens\\PrivacyPolicy\\styles.js": {"path":"C:\\Users\\Andrew\\Documents\\Projects\\CrimeMap\\src\\screens\\PrivacyPolicy\\styles.js","statementMap":{"0":{"start":{"line":3,"column":15},"end":{"line":30,"column":2}}},"fnMap":{},"branchMap":{},"s":{"0":1},"f":{},"b":{},"_coverageSchema":"1a1c01bbd47fc00a2c39e90264f33305004495a9","hash":"46a204f94cce8dc577f979781b747cb901dc2175"}
,"C:\\Users\\Andrew\\Documents\\Projects\\CrimeMap\\src\\utils\\stringFormatter.js": {"path":"C:\\Users\\Andrew\\Documents\\Projects\\CrimeMap\\src\\utils\\stringFormatter.js","statementMap":{"0":{"start":{"line":2,"column":2},"end":{"line":5,"column":15}},"1":{"start":{"line":4,"column":17},"end":{"line":4,"column":61}},"2":{"start":{"line":9,"column":24},"end":{"line":9,"column":45}},"3":{"start":{"line":10,"column":17},"end":{"line":23,"column":3}},"4":{"start":{"line":24,"column":20},"end":{"line":24,"column":45}},"5":{"start":{"line":26,"column":2},"end":{"line":28,"column":3}},"6":{"start":{"line":27,"column":4},"end":{"line":27,"column":21}},"7":{"start":{"line":30,"column":2},"end":{"line":30,"column":32}}},"fnMap":{"0":{"name":"formatName","decl":{"start":{"line":1,"column":16},"end":{"line":1,"column":26}},"loc":{"start":{"line":1,"column":33},"end":{"line":6,"column":1}},"line":1},"1":{"name":"(anonymous_1)","decl":{"start":{"line":4,"column":9},"end":{"line":4,"column":10}},"loc":{"start":{"line":4,"column":17},"end":{"line":4,"column":61}},"line":4},"2":{"name":"formatDate","decl":{"start":{"line":8,"column":16},"end":{"line":8,"column":26}},"loc":{"start":{"line":8,"column":39},"end":{"line":31,"column":1}},"line":8}},"branchMap":{"0":{"loc":{"start":{"line":26,"column":2},"end":{"line":28,"column":3}},"type":"if","locations":[{"start":{"line":26,"column":2},"end":{"line":28,"column":3}},{"start":{},"end":{}}],"line":26}},"s":{"0":3,"1":4,"2":5,"3":5,"4":5,"5":5,"6":2,"7":3},"f":{"0":3,"1":4,"2":5},"b":{"0":[2,3]},"_coverageSchema":"1a1c01bbd47fc00a2c39e90264f33305004495a9","hash":"b1588c9bafff14612df0ede916cfdb84b4132a27"}
}
